2017-02-03 15:34:59,099 INFO 22416 [egg:logger] init all loggers with options: {"dir":"/Users/linfang/Documents/leju/egg/logs/egg","encoding":"utf8","env":"local","level":"DEBUG","consoleLevel":"INFO","outputJSON":false,"buffer":false,"appLogName":"egg-web.log","coreLogName":"egg-web.log","agentLogName":"egg-agent.log","errorLogName":"common-error.log","coreLogger":{"consoleLevel":"WARN"},"type":"application"}
2017-02-03 15:34:59,101 INFO 22416 [egg:worker] create an AppWorkerClient for "watcher"
2017-02-03 15:34:59,158 INFO 22416 [egg-schedule]: register schedule egg-schedule:/Users/linfang/Documents/leju/egg/node_modules/.2.2.2@egg-logrotator/app/schedule/clean_log.js
2017-02-03 15:34:59,159 INFO 22416 [egg-schedule]: register schedule egg-schedule:/Users/linfang/Documents/leju/egg/node_modules/.2.2.2@egg-logrotator/app/schedule/rotate_by_file.js
2017-02-03 15:34:59,241 INFO 22416 [egg-static] starting static serve /public/ -> /Users/linfang/Documents/leju/egg/app/public
2017-02-03 15:34:59,248 INFO 22416 [egg-security] use csrf middleware
2017-02-03 15:34:59,251 INFO 22416 [egg-security] use methodnoallow middleware
2017-02-03 15:34:59,252 INFO 22416 [egg-security] use noopen middleware
2017-02-03 15:34:59,254 INFO 22416 [egg-security] use nosniff middleware
2017-02-03 15:34:59,256 INFO 22416 [egg-security] use xssProtection middleware
2017-02-03 15:34:59,258 INFO 22416 [egg-security] use xframe middleware
2017-02-03 15:34:59,258 INFO 22416 [egg-security] compose 6 middlewares into one security middleware
2017-02-03 15:39:29,097 INFO 22537 [egg:logger] init all loggers with options: {"dir":"/Users/linfang/Documents/leju/egg/logs/egg","encoding":"utf8","env":"local","level":"DEBUG","consoleLevel":"INFO","outputJSON":false,"buffer":false,"appLogName":"egg-web.log","coreLogName":"egg-web.log","agentLogName":"egg-agent.log","errorLogName":"common-error.log","coreLogger":{"consoleLevel":"WARN"},"type":"application"}
2017-02-03 15:39:29,098 INFO 22537 [egg:worker] create an AppWorkerClient for "watcher"
2017-02-03 15:39:29,153 INFO 22537 [egg-schedule]: register schedule egg-schedule:/Users/linfang/Documents/leju/egg/node_modules/.2.2.2@egg-logrotator/app/schedule/clean_log.js
2017-02-03 15:39:29,153 INFO 22537 [egg-schedule]: register schedule egg-schedule:/Users/linfang/Documents/leju/egg/node_modules/.2.2.2@egg-logrotator/app/schedule/rotate_by_file.js
2017-02-03 15:39:29,239 INFO 22537 [egg-static] starting static serve /public/ -> /Users/linfang/Documents/leju/egg/app/public
2017-02-03 15:39:29,250 INFO 22537 [egg-security] use csrf middleware
2017-02-03 15:39:29,252 INFO 22537 [egg-security] use methodnoallow middleware
2017-02-03 15:39:29,254 INFO 22537 [egg-security] use noopen middleware
2017-02-03 15:39:29,255 INFO 22537 [egg-security] use nosniff middleware
2017-02-03 15:39:29,257 INFO 22537 [egg-security] use xssProtection middleware
2017-02-03 15:39:29,259 INFO 22537 [egg-security] use xframe middleware
2017-02-03 15:39:29,259 INFO 22537 [egg-security] compose 6 middlewares into one security middleware
2017-02-03 15:40:26,364 INFO 22537 [egg:plugin:view] loading templates from ["/Users/linfang/Documents/leju/egg/app/view"]
2017-02-03 15:47:43,295 INFO 22771 [egg:logger] init all loggers with options: {"dir":"/Users/linfang/Documents/leju/egg/logs/egg","encoding":"utf8","env":"local","level":"DEBUG","consoleLevel":"INFO","outputJSON":false,"buffer":false,"appLogName":"egg-web.log","coreLogName":"egg-web.log","agentLogName":"egg-agent.log","errorLogName":"common-error.log","coreLogger":{"consoleLevel":"WARN"},"type":"application"}
2017-02-03 15:47:43,297 INFO 22771 [egg:worker] create an AppWorkerClient for "watcher"
2017-02-03 15:47:43,340 INFO 22771 [egg-schedule]: register schedule egg-schedule:/Users/linfang/Documents/leju/egg/node_modules/.2.2.2@egg-logrotator/app/schedule/clean_log.js
2017-02-03 15:47:43,340 INFO 22771 [egg-schedule]: register schedule egg-schedule:/Users/linfang/Documents/leju/egg/node_modules/.2.2.2@egg-logrotator/app/schedule/rotate_by_file.js
2017-02-03 15:47:43,431 INFO 22771 [egg-static] starting static serve /public/ -> /Users/linfang/Documents/leju/egg/app/public
2017-02-03 15:47:43,438 INFO 22771 [egg-security] use csrf middleware
2017-02-03 15:47:43,441 INFO 22771 [egg-security] use methodnoallow middleware
2017-02-03 15:47:43,442 INFO 22771 [egg-security] use noopen middleware
2017-02-03 15:47:43,444 INFO 22771 [egg-security] use nosniff middleware
2017-02-03 15:47:43,446 INFO 22771 [egg-security] use xssProtection middleware
2017-02-03 15:47:43,448 INFO 22771 [egg-security] use xframe middleware
2017-02-03 15:47:43,448 INFO 22771 [egg-security] compose 6 middlewares into one security middleware
2017-02-03 15:48:03,545 INFO 22771 [egg:plugin:view] loading templates from ["/Users/linfang/Documents/leju/egg/app/view"]
2017-02-03 16:09:41,305 INFO 23294 [egg:logger] init all loggers with options: {"dir":"/Users/linfang/Documents/leju/egg/logs/egg","encoding":"utf8","env":"local","level":"DEBUG","consoleLevel":"INFO","outputJSON":false,"buffer":false,"appLogName":"egg-web.log","coreLogName":"egg-web.log","agentLogName":"egg-agent.log","errorLogName":"common-error.log","coreLogger":{"consoleLevel":"WARN"},"type":"application"}
2017-02-03 16:09:41,307 INFO 23294 [egg:worker] create an AppWorkerClient for "watcher"
2017-02-03 16:09:41,349 INFO 23294 [egg-schedule]: register schedule egg-schedule:/Users/linfang/Documents/leju/egg/node_modules/.2.2.2@egg-logrotator/app/schedule/clean_log.js
2017-02-03 16:09:41,349 INFO 23294 [egg-schedule]: register schedule egg-schedule:/Users/linfang/Documents/leju/egg/node_modules/.2.2.2@egg-logrotator/app/schedule/rotate_by_file.js
2017-02-03 16:09:41,442 INFO 23294 [egg-static] starting static serve /public/ -> /Users/linfang/Documents/leju/egg/app/public
2017-02-03 16:09:41,449 INFO 23294 [egg-security] use csrf middleware
2017-02-03 16:09:41,452 INFO 23294 [egg-security] use methodnoallow middleware
2017-02-03 16:09:41,454 INFO 23294 [egg-security] use noopen middleware
2017-02-03 16:09:41,455 INFO 23294 [egg-security] use nosniff middleware
2017-02-03 16:09:41,458 INFO 23294 [egg-security] use xssProtection middleware
2017-02-03 16:09:41,460 INFO 23294 [egg-security] use xframe middleware
2017-02-03 16:09:41,460 INFO 23294 [egg-security] compose 6 middlewares into one security middleware
2017-02-03 16:12:38,033 INFO 23351 [egg:logger] init all loggers with options: {"dir":"/Users/linfang/Documents/leju/egg/logs/egg","encoding":"utf8","env":"local","level":"DEBUG","consoleLevel":"INFO","outputJSON":false,"buffer":false,"appLogName":"egg-web.log","coreLogName":"egg-web.log","agentLogName":"egg-agent.log","errorLogName":"common-error.log","coreLogger":{"consoleLevel":"WARN"},"type":"application"}
2017-02-03 16:12:38,035 INFO 23351 [egg:worker] create an AppWorkerClient for "watcher"
2017-02-03 16:12:38,094 INFO 23351 [egg-schedule]: register schedule egg-schedule:/Users/linfang/Documents/leju/egg/node_modules/.2.2.2@egg-logrotator/app/schedule/clean_log.js
2017-02-03 16:12:38,094 INFO 23351 [egg-schedule]: register schedule egg-schedule:/Users/linfang/Documents/leju/egg/node_modules/.2.2.2@egg-logrotator/app/schedule/rotate_by_file.js
2017-02-03 16:12:38,192 INFO 23351 [egg-static] starting static serve /public/ -> /Users/linfang/Documents/leju/egg/app/public
2017-02-03 16:12:38,199 INFO 23351 [egg-security] use csrf middleware
2017-02-03 16:12:38,202 INFO 23351 [egg-security] use methodnoallow middleware
2017-02-03 16:12:38,203 INFO 23351 [egg-security] use noopen middleware
2017-02-03 16:12:38,205 INFO 23351 [egg-security] use nosniff middleware
2017-02-03 16:12:38,207 INFO 23351 [egg-security] use xssProtection middleware
2017-02-03 16:12:38,209 INFO 23351 [egg-security] use xframe middleware
2017-02-03 16:12:38,209 INFO 23351 [egg-security] compose 6 middlewares into one security middleware
2017-02-03 16:12:52,196 INFO 23351 [egg:plugin:view] loading templates from ["/Users/linfang/Documents/leju/egg/app/view"]
2017-02-03 16:16:36,562 INFO 23384 [egg:logger] init all loggers with options: {"dir":"/Users/linfang/Documents/leju/egg/logs/egg","encoding":"utf8","env":"local","level":"DEBUG","consoleLevel":"INFO","outputJSON":false,"buffer":false,"appLogName":"egg-web.log","coreLogName":"egg-web.log","agentLogName":"egg-agent.log","errorLogName":"common-error.log","coreLogger":{"consoleLevel":"WARN"},"type":"application"}
2017-02-03 16:16:36,564 INFO 23384 [egg:worker] create an AppWorkerClient for "watcher"
2017-02-03 16:16:36,638 INFO 23384 [egg-schedule]: register schedule egg-schedule:/Users/linfang/Documents/leju/egg/node_modules/.2.2.2@egg-logrotator/app/schedule/clean_log.js
2017-02-03 16:16:36,638 INFO 23384 [egg-schedule]: register schedule egg-schedule:/Users/linfang/Documents/leju/egg/node_modules/.2.2.2@egg-logrotator/app/schedule/rotate_by_file.js
2017-02-03 16:16:36,749 INFO 23384 [egg-static] starting static serve /public/ -> /Users/linfang/Documents/leju/egg/app/public
2017-02-03 16:16:36,760 INFO 23384 [egg-security] use csrf middleware
2017-02-03 16:16:36,764 INFO 23384 [egg-security] use methodnoallow middleware
2017-02-03 16:16:36,766 INFO 23384 [egg-security] use noopen middleware
2017-02-03 16:16:36,768 INFO 23384 [egg-security] use nosniff middleware
2017-02-03 16:16:36,771 INFO 23384 [egg-security] use xssProtection middleware
2017-02-03 16:16:36,773 INFO 23384 [egg-security] use xframe middleware
2017-02-03 16:16:36,773 INFO 23384 [egg-security] compose 6 middlewares into one security middleware
2017-02-03 16:18:20,227 INFO 23384 [egg:plugin:view] loading templates from ["/Users/linfang/Documents/leju/egg/app/view"]
2017-02-03 16:20:09,254 INFO 23480 [egg:logger] init all loggers with options: {"dir":"/Users/linfang/Documents/leju/egg/logs/egg","encoding":"utf8","env":"local","level":"DEBUG","consoleLevel":"INFO","outputJSON":false,"buffer":false,"appLogName":"egg-web.log","coreLogName":"egg-web.log","agentLogName":"egg-agent.log","errorLogName":"common-error.log","coreLogger":{"consoleLevel":"WARN"},"type":"application"}
2017-02-03 16:20:09,256 INFO 23480 [egg:worker] create an AppWorkerClient for "watcher"
2017-02-03 16:20:09,341 INFO 23480 [egg-schedule]: register schedule egg-schedule:/Users/linfang/Documents/leju/egg/node_modules/.2.2.2@egg-logrotator/app/schedule/clean_log.js
2017-02-03 16:20:09,341 INFO 23480 [egg-schedule]: register schedule egg-schedule:/Users/linfang/Documents/leju/egg/node_modules/.2.2.2@egg-logrotator/app/schedule/rotate_by_file.js
2017-02-03 16:20:09,461 INFO 23480 [egg-static] starting static serve /public/ -> /Users/linfang/Documents/leju/egg/app/public
2017-02-03 16:20:09,474 INFO 23480 [egg-security] use csrf middleware
2017-02-03 16:20:09,477 INFO 23480 [egg-security] use methodnoallow middleware
2017-02-03 16:20:09,479 INFO 23480 [egg-security] use noopen middleware
2017-02-03 16:20:09,480 INFO 23480 [egg-security] use nosniff middleware
2017-02-03 16:20:09,482 INFO 23480 [egg-security] use xssProtection middleware
2017-02-03 16:20:09,484 INFO 23480 [egg-security] use xframe middleware
2017-02-03 16:20:09,484 INFO 23480 [egg-security] compose 6 middlewares into one security middleware
2017-02-03 16:22:31,423 INFO 23558 [egg:logger] init all loggers with options: {"dir":"/Users/linfang/Documents/leju/egg/logs/egg","encoding":"utf8","env":"local","level":"DEBUG","consoleLevel":"INFO","outputJSON":false,"buffer":false,"appLogName":"egg-web.log","coreLogName":"egg-web.log","agentLogName":"egg-agent.log","errorLogName":"common-error.log","coreLogger":{"consoleLevel":"WARN"},"type":"application"}
2017-02-03 16:22:31,424 INFO 23558 [egg:worker] create an AppWorkerClient for "watcher"
2017-02-03 16:22:31,482 INFO 23558 [egg-schedule]: register schedule egg-schedule:/Users/linfang/Documents/leju/egg/node_modules/.2.2.2@egg-logrotator/app/schedule/clean_log.js
2017-02-03 16:22:31,482 INFO 23558 [egg-schedule]: register schedule egg-schedule:/Users/linfang/Documents/leju/egg/node_modules/.2.2.2@egg-logrotator/app/schedule/rotate_by_file.js
2017-02-03 16:22:31,581 INFO 23558 [egg-static] starting static serve /public/ -> /Users/linfang/Documents/leju/egg/app/public
2017-02-03 16:22:31,589 INFO 23558 [egg-security] use csrf middleware
2017-02-03 16:22:31,591 INFO 23558 [egg-security] use methodnoallow middleware
2017-02-03 16:22:31,593 INFO 23558 [egg-security] use noopen middleware
2017-02-03 16:22:31,595 INFO 23558 [egg-security] use nosniff middleware
2017-02-03 16:22:31,596 INFO 23558 [egg-security] use xssProtection middleware
2017-02-03 16:22:31,598 INFO 23558 [egg-security] use xframe middleware
2017-02-03 16:22:31,598 INFO 23558 [egg-security] compose 6 middlewares into one security middleware
2017-02-03 16:24:11,122 INFO 23587 [egg:logger] init all loggers with options: {"dir":"/Users/linfang/Documents/leju/egg/logs/egg","encoding":"utf8","env":"local","level":"DEBUG","consoleLevel":"INFO","outputJSON":false,"buffer":false,"appLogName":"egg-web.log","coreLogName":"egg-web.log","agentLogName":"egg-agent.log","errorLogName":"common-error.log","coreLogger":{"consoleLevel":"WARN"},"type":"application"}
2017-02-03 16:24:11,124 INFO 23587 [egg:worker] create an AppWorkerClient for "watcher"
2017-02-03 16:24:11,189 INFO 23587 [egg-schedule]: register schedule egg-schedule:/Users/linfang/Documents/leju/egg/node_modules/.2.2.2@egg-logrotator/app/schedule/clean_log.js
2017-02-03 16:24:11,190 INFO 23587 [egg-schedule]: register schedule egg-schedule:/Users/linfang/Documents/leju/egg/node_modules/.2.2.2@egg-logrotator/app/schedule/rotate_by_file.js
2017-02-03 16:24:11,297 INFO 23587 [egg-static] starting static serve /public/ -> /Users/linfang/Documents/leju/egg/app/public
2017-02-03 16:24:11,306 INFO 23587 [egg-security] use csrf middleware
2017-02-03 16:24:11,308 INFO 23587 [egg-security] use methodnoallow middleware
2017-02-03 16:24:11,310 INFO 23587 [egg-security] use noopen middleware
2017-02-03 16:24:11,312 INFO 23587 [egg-security] use nosniff middleware
2017-02-03 16:24:11,315 INFO 23587 [egg-security] use xssProtection middleware
2017-02-03 16:24:11,317 INFO 23587 [egg-security] use xframe middleware
2017-02-03 16:24:11,317 INFO 23587 [egg-security] compose 6 middlewares into one security middleware
2017-02-03 16:24:16,870 INFO 23587 [egg:plugin:view] loading templates from ["/Users/linfang/Documents/leju/egg/app/view"]
2017-02-03 16:25:18,195 INFO 23627 [egg:logger] init all loggers with options: {"dir":"/Users/linfang/Documents/leju/egg/logs/egg","encoding":"utf8","env":"local","level":"DEBUG","consoleLevel":"INFO","outputJSON":false,"buffer":false,"appLogName":"egg-web.log","coreLogName":"egg-web.log","agentLogName":"egg-agent.log","errorLogName":"common-error.log","coreLogger":{"consoleLevel":"WARN"},"type":"application"}
2017-02-03 16:25:18,196 INFO 23627 [egg:worker] create an AppWorkerClient for "watcher"
2017-02-03 16:25:18,261 INFO 23627 [egg-schedule]: register schedule egg-schedule:/Users/linfang/Documents/leju/egg/node_modules/.2.2.2@egg-logrotator/app/schedule/clean_log.js
2017-02-03 16:25:18,261 INFO 23627 [egg-schedule]: register schedule egg-schedule:/Users/linfang/Documents/leju/egg/node_modules/.2.2.2@egg-logrotator/app/schedule/rotate_by_file.js
2017-02-03 16:25:18,370 INFO 23627 [egg-static] starting static serve /public/ -> /Users/linfang/Documents/leju/egg/app/public
2017-02-03 16:25:18,378 INFO 23627 [egg-security] use csrf middleware
2017-02-03 16:25:18,380 INFO 23627 [egg-security] use methodnoallow middleware
2017-02-03 16:25:18,382 INFO 23627 [egg-security] use noopen middleware
2017-02-03 16:25:18,384 INFO 23627 [egg-security] use nosniff middleware
2017-02-03 16:25:18,386 INFO 23627 [egg-security] use xssProtection middleware
2017-02-03 16:25:18,387 INFO 23627 [egg-security] use xframe middleware
2017-02-03 16:25:18,388 INFO 23627 [egg-security] compose 6 middlewares into one security middleware
2017-02-03 16:28:40,721 INFO 23698 [egg:logger] init all loggers with options: {"dir":"/Users/linfang/Documents/leju/egg/logs/egg","encoding":"utf8","env":"local","level":"DEBUG","consoleLevel":"INFO","outputJSON":false,"buffer":false,"appLogName":"egg-web.log","coreLogName":"egg-web.log","agentLogName":"egg-agent.log","errorLogName":"common-error.log","coreLogger":{"consoleLevel":"WARN"},"type":"application"}
2017-02-03 16:28:40,723 INFO 23698 [egg:worker] create an AppWorkerClient for "watcher"
2017-02-03 16:28:40,791 INFO 23698 [egg-schedule]: register schedule egg-schedule:/Users/linfang/Documents/leju/egg/node_modules/.2.2.2@egg-logrotator/app/schedule/clean_log.js
2017-02-03 16:28:40,791 INFO 23698 [egg-schedule]: register schedule egg-schedule:/Users/linfang/Documents/leju/egg/node_modules/.2.2.2@egg-logrotator/app/schedule/rotate_by_file.js
2017-02-03 16:28:40,894 INFO 23698 [egg-static] starting static serve /public/ -> /Users/linfang/Documents/leju/egg/app/public
2017-02-03 16:28:40,902 INFO 23698 [egg-security] use csrf middleware
2017-02-03 16:28:40,904 INFO 23698 [egg-security] use methodnoallow middleware
2017-02-03 16:28:40,906 INFO 23698 [egg-security] use noopen middleware
2017-02-03 16:28:40,907 INFO 23698 [egg-security] use nosniff middleware
2017-02-03 16:28:40,909 INFO 23698 [egg-security] use xssProtection middleware
2017-02-03 16:28:40,911 INFO 23698 [egg-security] use xframe middleware
2017-02-03 16:28:40,911 INFO 23698 [egg-security] compose 6 middlewares into one security middleware
2017-02-03 16:28:45,791 INFO 23713 [egg:logger] init all loggers with options: {"dir":"/Users/linfang/Documents/leju/egg/logs/egg","encoding":"utf8","env":"local","level":"DEBUG","consoleLevel":"INFO","outputJSON":false,"buffer":false,"appLogName":"egg-web.log","coreLogName":"egg-web.log","agentLogName":"egg-agent.log","errorLogName":"common-error.log","coreLogger":{"consoleLevel":"WARN"},"type":"application"}
2017-02-03 16:28:45,792 INFO 23713 [egg:worker] create an AppWorkerClient for "watcher"
2017-02-03 16:28:45,833 INFO 23713 [egg-schedule]: register schedule egg-schedule:/Users/linfang/Documents/leju/egg/node_modules/.2.2.2@egg-logrotator/app/schedule/clean_log.js
2017-02-03 16:28:45,834 INFO 23713 [egg-schedule]: register schedule egg-schedule:/Users/linfang/Documents/leju/egg/node_modules/.2.2.2@egg-logrotator/app/schedule/rotate_by_file.js
2017-02-03 16:28:45,870 INFO 23713 [egg-static] starting static serve /public/ -> /Users/linfang/Documents/leju/egg/app/public
2017-02-03 16:28:45,874 INFO 23713 [egg-security] use csrf middleware
2017-02-03 16:28:45,876 INFO 23713 [egg-security] use methodnoallow middleware
2017-02-03 16:28:45,876 INFO 23713 [egg-security] use noopen middleware
2017-02-03 16:28:45,877 INFO 23713 [egg-security] use nosniff middleware
2017-02-03 16:28:45,877 INFO 23713 [egg-security] use xssProtection middleware
2017-02-03 16:28:45,878 INFO 23713 [egg-security] use xframe middleware
2017-02-03 16:28:45,878 INFO 23713 [egg-security] compose 6 middlewares into one security middleware
2017-02-03 16:28:50,381 INFO 23718 [egg:logger] init all loggers with options: {"dir":"/Users/linfang/Documents/leju/egg/logs/egg","encoding":"utf8","env":"local","level":"DEBUG","consoleLevel":"INFO","outputJSON":false,"buffer":false,"appLogName":"egg-web.log","coreLogName":"egg-web.log","agentLogName":"egg-agent.log","errorLogName":"common-error.log","coreLogger":{"consoleLevel":"WARN"},"type":"application"}
2017-02-03 16:28:50,383 INFO 23718 [egg:worker] create an AppWorkerClient for "watcher"
2017-02-03 16:28:50,426 INFO 23718 [egg-schedule]: register schedule egg-schedule:/Users/linfang/Documents/leju/egg/node_modules/.2.2.2@egg-logrotator/app/schedule/clean_log.js
2017-02-03 16:28:50,426 INFO 23718 [egg-schedule]: register schedule egg-schedule:/Users/linfang/Documents/leju/egg/node_modules/.2.2.2@egg-logrotator/app/schedule/rotate_by_file.js
2017-02-03 16:28:50,463 INFO 23718 [egg-static] starting static serve /public/ -> /Users/linfang/Documents/leju/egg/app/public
2017-02-03 16:28:50,467 INFO 23718 [egg-security] use csrf middleware
2017-02-03 16:28:50,468 INFO 23718 [egg-security] use methodnoallow middleware
2017-02-03 16:28:50,469 INFO 23718 [egg-security] use noopen middleware
2017-02-03 16:28:50,469 INFO 23718 [egg-security] use nosniff middleware
2017-02-03 16:28:50,470 INFO 23718 [egg-security] use xssProtection middleware
2017-02-03 16:28:50,470 INFO 23718 [egg-security] use xframe middleware
2017-02-03 16:28:50,470 INFO 23718 [egg-security] compose 6 middlewares into one security middleware
2017-02-03 16:28:56,658 INFO 23725 [egg:logger] init all loggers with options: {"dir":"/Users/linfang/Documents/leju/egg/logs/egg","encoding":"utf8","env":"local","level":"DEBUG","consoleLevel":"INFO","outputJSON":false,"buffer":false,"appLogName":"egg-web.log","coreLogName":"egg-web.log","agentLogName":"egg-agent.log","errorLogName":"common-error.log","coreLogger":{"consoleLevel":"WARN"},"type":"application"}
2017-02-03 16:28:56,660 INFO 23725 [egg:worker] create an AppWorkerClient for "watcher"
2017-02-03 16:28:56,700 INFO 23725 [egg-schedule]: register schedule egg-schedule:/Users/linfang/Documents/leju/egg/node_modules/.2.2.2@egg-logrotator/app/schedule/clean_log.js
2017-02-03 16:28:56,701 INFO 23725 [egg-schedule]: register schedule egg-schedule:/Users/linfang/Documents/leju/egg/node_modules/.2.2.2@egg-logrotator/app/schedule/rotate_by_file.js
2017-02-03 16:28:56,733 INFO 23725 [egg-static] starting static serve /public/ -> /Users/linfang/Documents/leju/egg/app/public
2017-02-03 16:28:56,737 INFO 23725 [egg-security] use csrf middleware
2017-02-03 16:28:56,738 INFO 23725 [egg-security] use methodnoallow middleware
2017-02-03 16:28:56,738 INFO 23725 [egg-security] use noopen middleware
2017-02-03 16:28:56,739 INFO 23725 [egg-security] use nosniff middleware
2017-02-03 16:28:56,739 INFO 23725 [egg-security] use xssProtection middleware
2017-02-03 16:28:56,740 INFO 23725 [egg-security] use xframe middleware
2017-02-03 16:28:56,740 INFO 23725 [egg-security] compose 6 middlewares into one security middleware
2017-02-03 16:28:58,516 INFO 23729 [egg:logger] init all loggers with options: {"dir":"/Users/linfang/Documents/leju/egg/logs/egg","encoding":"utf8","env":"local","level":"DEBUG","consoleLevel":"INFO","outputJSON":false,"buffer":false,"appLogName":"egg-web.log","coreLogName":"egg-web.log","agentLogName":"egg-agent.log","errorLogName":"common-error.log","coreLogger":{"consoleLevel":"WARN"},"type":"application"}
2017-02-03 16:28:58,517 INFO 23729 [egg:worker] create an AppWorkerClient for "watcher"
2017-02-03 16:28:58,567 INFO 23729 [egg-schedule]: register schedule egg-schedule:/Users/linfang/Documents/leju/egg/node_modules/.2.2.2@egg-logrotator/app/schedule/clean_log.js
2017-02-03 16:28:58,567 INFO 23729 [egg-schedule]: register schedule egg-schedule:/Users/linfang/Documents/leju/egg/node_modules/.2.2.2@egg-logrotator/app/schedule/rotate_by_file.js
2017-02-03 16:28:58,603 INFO 23729 [egg-static] starting static serve /public/ -> /Users/linfang/Documents/leju/egg/app/public
2017-02-03 16:28:58,607 INFO 23729 [egg-security] use csrf middleware
2017-02-03 16:28:58,608 INFO 23729 [egg-security] use methodnoallow middleware
2017-02-03 16:28:58,609 INFO 23729 [egg-security] use noopen middleware
2017-02-03 16:28:58,609 INFO 23729 [egg-security] use nosniff middleware
2017-02-03 16:28:58,609 INFO 23729 [egg-security] use xssProtection middleware
2017-02-03 16:28:58,610 INFO 23729 [egg-security] use xframe middleware
2017-02-03 16:28:58,610 INFO 23729 [egg-security] compose 6 middlewares into one security middleware
2017-02-03 16:29:01,922 INFO 23736 [egg:logger] init all loggers with options: {"dir":"/Users/linfang/Documents/leju/egg/logs/egg","encoding":"utf8","env":"local","level":"DEBUG","consoleLevel":"INFO","outputJSON":false,"buffer":false,"appLogName":"egg-web.log","coreLogName":"egg-web.log","agentLogName":"egg-agent.log","errorLogName":"common-error.log","coreLogger":{"consoleLevel":"WARN"},"type":"application"}
2017-02-03 16:29:01,923 INFO 23736 [egg:worker] create an AppWorkerClient for "watcher"
2017-02-03 16:29:01,961 INFO 23736 [egg-schedule]: register schedule egg-schedule:/Users/linfang/Documents/leju/egg/node_modules/.2.2.2@egg-logrotator/app/schedule/clean_log.js
2017-02-03 16:29:01,962 INFO 23736 [egg-schedule]: register schedule egg-schedule:/Users/linfang/Documents/leju/egg/node_modules/.2.2.2@egg-logrotator/app/schedule/rotate_by_file.js
2017-02-03 16:29:01,997 INFO 23736 [egg-static] starting static serve /public/ -> /Users/linfang/Documents/leju/egg/app/public
2017-02-03 16:29:02,001 INFO 23736 [egg-security] use csrf middleware
2017-02-03 16:29:02,002 INFO 23736 [egg-security] use methodnoallow middleware
2017-02-03 16:29:02,003 INFO 23736 [egg-security] use noopen middleware
2017-02-03 16:29:02,003 INFO 23736 [egg-security] use nosniff middleware
2017-02-03 16:29:02,004 INFO 23736 [egg-security] use xssProtection middleware
2017-02-03 16:29:02,004 INFO 23736 [egg-security] use xframe middleware
2017-02-03 16:29:02,004 INFO 23736 [egg-security] compose 6 middlewares into one security middleware
2017-02-03 16:29:19,218 INFO 23748 [egg:logger] init all loggers with options: {"dir":"/Users/linfang/Documents/leju/egg/logs/egg","encoding":"utf8","env":"local","level":"DEBUG","consoleLevel":"INFO","outputJSON":false,"buffer":false,"appLogName":"egg-web.log","coreLogName":"egg-web.log","agentLogName":"egg-agent.log","errorLogName":"common-error.log","coreLogger":{"consoleLevel":"WARN"},"type":"application"}
2017-02-03 16:29:19,219 INFO 23748 [egg:worker] create an AppWorkerClient for "watcher"
2017-02-03 16:29:19,283 INFO 23748 [egg-schedule]: register schedule egg-schedule:/Users/linfang/Documents/leju/egg/node_modules/.2.2.2@egg-logrotator/app/schedule/clean_log.js
2017-02-03 16:29:19,283 INFO 23748 [egg-schedule]: register schedule egg-schedule:/Users/linfang/Documents/leju/egg/node_modules/.2.2.2@egg-logrotator/app/schedule/rotate_by_file.js
2017-02-03 16:29:19,390 INFO 23748 [egg-static] starting static serve /public/ -> /Users/linfang/Documents/leju/egg/app/public
2017-02-03 16:29:19,399 INFO 23748 [egg-security] use csrf middleware
2017-02-03 16:29:19,401 INFO 23748 [egg-security] use methodnoallow middleware
2017-02-03 16:29:19,403 INFO 23748 [egg-security] use noopen middleware
2017-02-03 16:29:19,404 INFO 23748 [egg-security] use nosniff middleware
2017-02-03 16:29:19,406 INFO 23748 [egg-security] use xssProtection middleware
2017-02-03 16:29:19,408 INFO 23748 [egg-security] use xframe middleware
2017-02-03 16:29:19,408 INFO 23748 [egg-security] compose 6 middlewares into one security middleware
2017-02-03 16:29:20,888 INFO 23754 [egg:logger] init all loggers with options: {"dir":"/Users/linfang/Documents/leju/egg/logs/egg","encoding":"utf8","env":"local","level":"DEBUG","consoleLevel":"INFO","outputJSON":false,"buffer":false,"appLogName":"egg-web.log","coreLogName":"egg-web.log","agentLogName":"egg-agent.log","errorLogName":"common-error.log","coreLogger":{"consoleLevel":"WARN"},"type":"application"}
2017-02-03 16:29:20,890 INFO 23754 [egg:worker] create an AppWorkerClient for "watcher"
2017-02-03 16:29:20,931 INFO 23754 [egg-schedule]: register schedule egg-schedule:/Users/linfang/Documents/leju/egg/node_modules/.2.2.2@egg-logrotator/app/schedule/clean_log.js
2017-02-03 16:29:20,931 INFO 23754 [egg-schedule]: register schedule egg-schedule:/Users/linfang/Documents/leju/egg/node_modules/.2.2.2@egg-logrotator/app/schedule/rotate_by_file.js
2017-02-03 16:29:20,969 INFO 23754 [egg-static] starting static serve /public/ -> /Users/linfang/Documents/leju/egg/app/public
2017-02-03 16:29:20,974 INFO 23754 [egg-security] use csrf middleware
2017-02-03 16:29:20,975 INFO 23754 [egg-security] use methodnoallow middleware
2017-02-03 16:29:20,975 INFO 23754 [egg-security] use noopen middleware
2017-02-03 16:29:20,975 INFO 23754 [egg-security] use nosniff middleware
2017-02-03 16:29:20,976 INFO 23754 [egg-security] use xssProtection middleware
2017-02-03 16:29:20,976 INFO 23754 [egg-security] use xframe middleware
2017-02-03 16:29:20,976 INFO 23754 [egg-security] compose 6 middlewares into one security middleware
2017-02-03 16:30:10,550 INFO 23817 [egg:logger] init all loggers with options: {"dir":"/Users/linfang/Documents/leju/egg/logs/egg","encoding":"utf8","env":"local","level":"DEBUG","consoleLevel":"INFO","outputJSON":false,"buffer":false,"appLogName":"egg-web.log","coreLogName":"egg-web.log","agentLogName":"egg-agent.log","errorLogName":"common-error.log","coreLogger":{"consoleLevel":"WARN"},"type":"application"}
2017-02-03 16:30:10,552 INFO 23817 [egg:worker] create an AppWorkerClient for "watcher"
2017-02-03 16:30:10,623 INFO 23817 [egg-schedule]: register schedule egg-schedule:/Users/linfang/Documents/leju/egg/node_modules/.2.2.2@egg-logrotator/app/schedule/clean_log.js
2017-02-03 16:30:10,624 INFO 23817 [egg-schedule]: register schedule egg-schedule:/Users/linfang/Documents/leju/egg/node_modules/.2.2.2@egg-logrotator/app/schedule/rotate_by_file.js
2017-02-03 16:30:10,736 INFO 23817 [egg-static] starting static serve /public/ -> /Users/linfang/Documents/leju/egg/app/public
2017-02-03 16:30:10,745 INFO 23817 [egg-security] use csrf middleware
2017-02-03 16:30:10,747 INFO 23817 [egg-security] use methodnoallow middleware
2017-02-03 16:30:10,749 INFO 23817 [egg-security] use noopen middleware
2017-02-03 16:30:10,750 INFO 23817 [egg-security] use nosniff middleware
2017-02-03 16:30:10,752 INFO 23817 [egg-security] use xssProtection middleware
2017-02-03 16:30:10,754 INFO 23817 [egg-security] use xframe middleware
2017-02-03 16:30:10,754 INFO 23817 [egg-security] compose 6 middlewares into one security middleware
2017-02-03 16:30:43,445 INFO 23852 [egg:logger] init all loggers with options: {"dir":"/Users/linfang/Documents/leju/egg/logs/egg","encoding":"utf8","env":"local","level":"DEBUG","consoleLevel":"INFO","outputJSON":false,"buffer":false,"appLogName":"egg-web.log","coreLogName":"egg-web.log","agentLogName":"egg-agent.log","errorLogName":"common-error.log","coreLogger":{"consoleLevel":"WARN"},"type":"application"}
2017-02-03 16:30:43,447 INFO 23852 [egg:worker] create an AppWorkerClient for "watcher"
2017-02-03 16:30:43,509 INFO 23852 [egg-schedule]: register schedule egg-schedule:/Users/linfang/Documents/leju/egg/node_modules/.2.2.2@egg-logrotator/app/schedule/clean_log.js
2017-02-03 16:30:43,509 INFO 23852 [egg-schedule]: register schedule egg-schedule:/Users/linfang/Documents/leju/egg/node_modules/.2.2.2@egg-logrotator/app/schedule/rotate_by_file.js
2017-02-03 16:30:43,606 INFO 23852 [egg-static] starting static serve /public/ -> /Users/linfang/Documents/leju/egg/app/public
2017-02-03 16:30:43,615 INFO 23852 [egg-security] use csrf middleware
2017-02-03 16:30:43,618 INFO 23852 [egg-security] use methodnoallow middleware
2017-02-03 16:30:43,620 INFO 23852 [egg-security] use noopen middleware
2017-02-03 16:30:43,621 INFO 23852 [egg-security] use nosniff middleware
2017-02-03 16:30:43,623 INFO 23852 [egg-security] use xssProtection middleware
2017-02-03 16:30:43,625 INFO 23852 [egg-security] use xframe middleware
2017-02-03 16:30:43,625 INFO 23852 [egg-security] compose 6 middlewares into one security middleware
2017-02-03 16:30:48,968 INFO 23859 [egg:logger] init all loggers with options: {"dir":"/Users/linfang/Documents/leju/egg/logs/egg","encoding":"utf8","env":"local","level":"DEBUG","consoleLevel":"INFO","outputJSON":false,"buffer":false,"appLogName":"egg-web.log","coreLogName":"egg-web.log","agentLogName":"egg-agent.log","errorLogName":"common-error.log","coreLogger":{"consoleLevel":"WARN"},"type":"application"}
2017-02-03 16:30:48,970 INFO 23859 [egg:worker] create an AppWorkerClient for "watcher"
2017-02-03 16:30:49,011 INFO 23859 [egg-schedule]: register schedule egg-schedule:/Users/linfang/Documents/leju/egg/node_modules/.2.2.2@egg-logrotator/app/schedule/clean_log.js
2017-02-03 16:30:49,011 INFO 23859 [egg-schedule]: register schedule egg-schedule:/Users/linfang/Documents/leju/egg/node_modules/.2.2.2@egg-logrotator/app/schedule/rotate_by_file.js
2017-02-03 16:30:49,049 INFO 23859 [egg-static] starting static serve /public/ -> /Users/linfang/Documents/leju/egg/app/public
2017-02-03 16:30:49,055 INFO 23859 [egg-security] use csrf middleware
2017-02-03 16:30:49,057 INFO 23859 [egg-security] use methodnoallow middleware
2017-02-03 16:30:49,057 INFO 23859 [egg-security] use noopen middleware
2017-02-03 16:30:49,058 INFO 23859 [egg-security] use nosniff middleware
2017-02-03 16:30:49,059 INFO 23859 [egg-security] use xssProtection middleware
2017-02-03 16:30:49,060 INFO 23859 [egg-security] use xframe middleware
2017-02-03 16:30:49,060 INFO 23859 [egg-security] compose 6 middlewares into one security middleware
2017-02-03 16:30:54,678 INFO 23866 [egg:logger] init all loggers with options: {"dir":"/Users/linfang/Documents/leju/egg/logs/egg","encoding":"utf8","env":"local","level":"DEBUG","consoleLevel":"INFO","outputJSON":false,"buffer":false,"appLogName":"egg-web.log","coreLogName":"egg-web.log","agentLogName":"egg-agent.log","errorLogName":"common-error.log","coreLogger":{"consoleLevel":"WARN"},"type":"application"}
2017-02-03 16:30:54,681 INFO 23866 [egg:worker] create an AppWorkerClient for "watcher"
2017-02-03 16:30:54,723 INFO 23866 [egg-schedule]: register schedule egg-schedule:/Users/linfang/Documents/leju/egg/node_modules/.2.2.2@egg-logrotator/app/schedule/clean_log.js
2017-02-03 16:30:54,724 INFO 23866 [egg-schedule]: register schedule egg-schedule:/Users/linfang/Documents/leju/egg/node_modules/.2.2.2@egg-logrotator/app/schedule/rotate_by_file.js
2017-02-03 16:30:54,759 INFO 23866 [egg-static] starting static serve /public/ -> /Users/linfang/Documents/leju/egg/app/public
2017-02-03 16:30:54,764 INFO 23866 [egg-security] use csrf middleware
2017-02-03 16:30:54,765 INFO 23866 [egg-security] use methodnoallow middleware
2017-02-03 16:30:54,765 INFO 23866 [egg-security] use noopen middleware
2017-02-03 16:30:54,766 INFO 23866 [egg-security] use nosniff middleware
2017-02-03 16:30:54,766 INFO 23866 [egg-security] use xssProtection middleware
2017-02-03 16:30:54,767 INFO 23866 [egg-security] use xframe middleware
2017-02-03 16:30:54,767 INFO 23866 [egg-security] compose 6 middlewares into one security middleware
